REANN Package used for fitting energy and tensorial Property
2024-09-26-15_55_52 
Epoch=    0 learning rate   1.000000e-03  train error:    0.22954 test error:    0.48583 
Epoch=   10 learning rate   1.000000e-03  train error:    0.06369 test error:    0.07375 
Epoch=   20 learning rate   1.000000e-03  train error:    0.04790 test error:    0.04405 
Epoch=   30 learning rate   1.000000e-03  train error:    0.04188 test error:    0.03568 
Epoch=   40 learning rate   1.000000e-03  train error:    0.03885 test error:    0.03243 
Epoch=   50 learning rate   1.000000e-03  train error:    0.03628 test error:    0.03008 
Epoch=   60 learning rate   1.000000e-03  train error:    0.03442 test error:    0.02839 
Epoch=   70 learning rate   1.000000e-03  train error:    0.03323 test error:    0.02717 
Epoch=   80 learning rate   1.000000e-03  train error:    0.03214 test error:    0.02618 
Epoch=   90 learning rate   1.000000e-03  train error:    0.03122 test error:    0.02529 
Epoch=  100 learning rate   1.000000e-03  train error:    0.03007 test error:    0.02447 
Epoch=  110 learning rate   1.000000e-03  train error:    0.02929 test error:    0.02377 
Epoch=  120 learning rate   1.000000e-03  train error:    0.02876 test error:    0.02310 
Epoch=  130 learning rate   1.000000e-03  train error:    0.02788 test error:    0.02249 
Epoch=  140 learning rate   1.000000e-03  train error:    0.02714 test error:    0.02193 
Epoch=  150 learning rate   1.000000e-03  train error:    0.02648 test error:    0.02140 
Epoch=  160 learning rate   1.000000e-03  train error:    0.02586 test error:    0.02094 
Epoch=  170 learning rate   1.000000e-03  train error:    0.02526 test error:    0.02053 
Epoch=  180 learning rate   1.000000e-03  train error:    0.02497 test error:    0.02018 
Epoch=  190 learning rate   1.000000e-03  train error:    0.02446 test error:    0.01984 
Epoch=  200 learning rate   1.000000e-03  train error:    0.02402 test error:    0.01953 
Epoch=  210 learning rate   1.000000e-03  train error:    0.02383 test error:    0.01925 
Epoch=  220 learning rate   1.000000e-03  train error:    0.02315 test error:    0.01901 
Epoch=  230 learning rate   1.000000e-03  train error:    0.02314 test error:    0.01879 
Epoch=  240 learning rate   1.000000e-03  train error:    0.02262 test error:    0.01859 
Epoch=  250 learning rate   1.000000e-03  train error:    0.02253 test error:    0.01840 
Epoch=  260 learning rate   1.000000e-03  train error:    0.02220 test error:    0.01820 
Epoch=  270 learning rate   1.000000e-03  train error:    0.02211 test error:    0.01803 
Epoch=  280 learning rate   1.000000e-03  train error:    0.02178 test error:    0.01786 
Epoch=  290 learning rate   1.000000e-03  train error:    0.02168 test error:    0.01770 
Epoch=  300 learning rate   1.000000e-03  train error:    0.02126 test error:    0.01754 
Epoch=  310 learning rate   1.000000e-03  train error:    0.02128 test error:    0.01740 
Epoch=  320 learning rate   1.000000e-03  train error:    0.02096 test error:    0.01726 
Epoch=  330 learning rate   1.000000e-03  train error:    0.02066 test error:    0.01713 
Epoch=  340 learning rate   1.000000e-03  train error:    0.02045 test error:    0.01697 
Epoch=  350 learning rate   1.000000e-03  train error:    0.02048 test error:    0.01688 
Epoch=  360 learning rate   1.000000e-03  train error:    0.02008 test error:    0.01675 
Epoch=  370 learning rate   1.000000e-03  train error:    0.02029 test error:    0.01665 
Epoch=  380 learning rate   1.000000e-03  train error:    0.01989 test error:    0.01655 
Epoch=  390 learning rate   1.000000e-03  train error:    0.01969 test error:    0.01643 
Epoch=  400 learning rate   1.000000e-03  train error:    0.01950 test error:    0.01632 
Epoch=  410 learning rate   1.000000e-03  train error:    0.01946 test error:    0.01624 
Epoch=  420 learning rate   1.000000e-03  train error:    0.01938 test error:    0.01615 
Epoch=  430 learning rate   1.000000e-03  train error:    0.01922 test error:    0.01609 
Epoch=  440 learning rate   1.000000e-03  train error:    0.01915 test error:    0.01599 
Epoch=  450 learning rate   1.000000e-03  train error:    0.01907 test error:    0.01590 
Epoch=  460 learning rate   1.000000e-03  train error:    0.01893 test error:    0.01582 
Epoch=  470 learning rate   1.000000e-03  train error:    0.01880 test error:    0.01575 
Epoch=  480 learning rate   1.000000e-03  train error:    0.01867 test error:    0.01568 
Epoch=  490 learning rate   1.000000e-03  train error:    0.01852 test error:    0.01561 
Epoch=  500 learning rate   8.000000e-04  train error:    0.01774 test error:    0.01543 
Epoch=  510 learning rate   8.000000e-04  train error:    0.01774 test error:    0.01537 
Epoch=  520 learning rate   8.000000e-04  train error:    0.01757 test error:    0.01529 
Epoch=  530 learning rate   8.000000e-04  train error:    0.01779 test error:    0.01524 
Epoch=  540 learning rate   8.000000e-04  train error:    0.01740 test error:    0.01518 
Epoch=  550 learning rate   8.000000e-04  train error:    0.01732 test error:    0.01513 
Epoch=  560 learning rate   8.000000e-04  train error:    0.01728 test error:    0.01509 
Epoch=  570 learning rate   8.000000e-04  train error:    0.01741 test error:    0.01504 
Epoch=  580 learning rate   8.000000e-04  train error:    0.01694 test error:    0.01499 
Epoch=  590 learning rate   8.000000e-04  train error:    0.01712 test error:    0.01495 
Epoch=  600 learning rate   8.000000e-04  train error:    0.01701 test error:    0.01492 
Epoch=  610 learning rate   8.000000e-04  train error:    0.01699 test error:    0.01486 
Epoch=  620 learning rate   8.000000e-04  train error:    0.01683 test error:    0.01483 
Epoch=  630 learning rate   8.000000e-04  train error:    0.01676 test error:    0.01479 
Epoch=  640 learning rate   8.000000e-04  train error:    0.01662 test error:    0.01475 
Epoch=  650 learning rate   8.000000e-04  train error:    0.01673 test error:    0.01471 
Epoch=  660 learning rate   8.000000e-04  train error:    0.01664 test error:    0.01467 
Epoch=  670 learning rate   8.000000e-04  train error:    0.01678 test error:    0.01463 
Epoch=  680 learning rate   8.000000e-04  train error:    0.01643 test error:    0.01462 
Epoch=  690 learning rate   8.000000e-04  train error:    0.01648 test error:    0.01458 
Epoch=  700 learning rate   8.000000e-04  train error:    0.01641 test error:    0.01454 
Epoch=  710 learning rate   8.000000e-04  train error:    0.01631 test error:    0.01451 
Epoch=  720 learning rate   8.000000e-04  train error:    0.01640 test error:    0.01449 
Epoch=  730 learning rate   8.000000e-04  train error:    0.01649 test error:    0.01445 
Epoch=  740 learning rate   8.000000e-04  train error:    0.01609 test error:    0.01443 
Epoch=  750 learning rate   8.000000e-04  train error:    0.01611 test error:    0.01440 
Epoch=  760 learning rate   8.000000e-04  train error:    0.01615 test error:    0.01437 
Epoch=  770 learning rate   8.000000e-04  train error:    0.01597 test error:    0.01433 
Epoch=  780 learning rate   8.000000e-04  train error:    0.01590 test error:    0.01432 
Epoch=  790 learning rate   6.400000e-04  train error:    0.01520 test error:    0.01423 
Epoch=  800 learning rate   6.400000e-04  train error:    0.01541 test error:    0.01418 
Epoch=  810 learning rate   6.400000e-04  train error:    0.01541 test error:    0.01416 
Epoch=  820 learning rate   6.400000e-04  train error:    0.01522 test error:    0.01414 
Epoch=  830 learning rate   6.400000e-04  train error:    0.01513 test error:    0.01411 
Epoch=  840 learning rate   6.400000e-04  train error:    0.01518 test error:    0.01409 
Epoch=  850 learning rate   6.400000e-04  train error:    0.01500 test error:    0.01406 
Epoch=  860 learning rate   6.400000e-04  train error:    0.01506 test error:    0.01403 
Epoch=  870 learning rate   6.400000e-04  train error:    0.01507 test error:    0.01402 
Epoch=  880 learning rate   6.400000e-04  train error:    0.01509 test error:    0.01400 
Epoch=  890 learning rate   6.400000e-04  train error:    0.01504 test error:    0.01398 
Epoch=  900 learning rate   6.400000e-04  train error:    0.01481 test error:    0.01397 
Epoch=  910 learning rate   6.400000e-04  train error:    0.01484 test error:    0.01396 
Epoch=  920 learning rate   6.400000e-04  train error:    0.01499 test error:    0.01394 
Epoch=  930 learning rate   6.400000e-04  train error:    0.01499 test error:    0.01393 
Epoch=  940 learning rate   6.400000e-04  train error:    0.01475 test error:    0.01391 
Epoch=  950 learning rate   6.400000e-04  train error:    0.01493 test error:    0.01389 
Epoch=  960 learning rate   6.400000e-04  train error:    0.01480 test error:    0.01387 
Epoch=  970 learning rate   6.400000e-04  train error:    0.01477 test error:    0.01387 
Epoch=  980 learning rate   6.400000e-04  train error:    0.01466 test error:    0.01386 
Epoch=  990 learning rate   6.400000e-04  train error:    0.01482 test error:    0.01384 
Epoch= 1000 learning rate   6.400000e-04  train error:    0.01462 test error:    0.01382 
Epoch= 1010 learning rate   6.400000e-04  train error:    0.01486 test error:    0.01380 
Epoch= 1020 learning rate   6.400000e-04  train error:    0.01465 test error:    0.01381 
Epoch= 1030 learning rate   6.400000e-04  train error:    0.01461 test error:    0.01378 
Epoch= 1040 learning rate   6.400000e-04  train error:    0.01455 test error:    0.01378 
Epoch= 1050 learning rate   6.400000e-04  train error:    0.01477 test error:    0.01377 
Epoch= 1060 learning rate   6.400000e-04  train error:    0.01469 test error:    0.01376 
Epoch= 1070 learning rate   6.400000e-04  train error:    0.01458 test error:    0.01375 
Epoch= 1080 learning rate   6.400000e-04  train error:    0.01453 test error:    0.01373 
Epoch= 1090 learning rate   6.400000e-04  train error:    0.01437 test error:    0.01373 
Epoch= 1100 learning rate   6.400000e-04  train error:    0.01448 test error:    0.01371 
Epoch= 1110 learning rate   6.400000e-04  train error:    0.01455 test error:    0.01371 
Epoch= 1120 learning rate   6.400000e-04  train error:    0.01434 test error:    0.01369 
Epoch= 1130 learning rate   6.400000e-04  train error:    0.01429 test error:    0.01368 
Epoch= 1140 learning rate   6.400000e-04  train error:    0.01446 test error:    0.01366 
Epoch= 1150 learning rate   6.400000e-04  train error:    0.01444 test error:    0.01365 
Epoch= 1160 learning rate   6.400000e-04  train error:    0.01423 test error:    0.01365 
Epoch= 1170 learning rate   6.400000e-04  train error:    0.01445 test error:    0.01365 
Epoch= 1180 learning rate   5.120000e-04  train error:    0.01379 test error:    0.01360 
Epoch= 1190 learning rate   5.120000e-04  train error:    0.01391 test error:    0.01359 
Epoch= 1200 learning rate   5.120000e-04  train error:    0.01377 test error:    0.01357 
Epoch= 1210 learning rate   5.120000e-04  train error:    0.01376 test error:    0.01355 
Epoch= 1220 learning rate   5.120000e-04  train error:    0.01376 test error:    0.01354 
Epoch= 1230 learning rate   5.120000e-04  train error:    0.01386 test error:    0.01353 
Epoch= 1240 learning rate   5.120000e-04  train error:    0.01367 test error:    0.01353 
Epoch= 1250 learning rate   5.120000e-04  train error:    0.01367 test error:    0.01351 
Epoch= 1260 learning rate   5.120000e-04  train error:    0.01380 test error:    0.01351 
Epoch= 1270 learning rate   5.120000e-04  train error:    0.01364 test error:    0.01350 
Epoch= 1280 learning rate   5.120000e-04  train error:    0.01355 test error:    0.01350 
Epoch= 1290 learning rate   5.120000e-04  train error:    0.01370 test error:    0.01348 
Epoch= 1300 learning rate   5.120000e-04  train error:    0.01364 test error:    0.01347 
Epoch= 1310 learning rate   5.120000e-04  train error:    0.01351 test error:    0.01347 
Epoch= 1320 learning rate   5.120000e-04  train error:    0.01360 test error:    0.01348 
Epoch= 1330 learning rate   5.120000e-04  train error:    0.01348 test error:    0.01347 
Epoch= 1340 learning rate   5.120000e-04  train error:    0.01357 test error:    0.01346 
Epoch= 1350 learning rate   5.120000e-04  train error:    0.01337 test error:    0.01345 
Epoch= 1360 learning rate   5.120000e-04  train error:    0.01347 test error:    0.01344 
Epoch= 1370 learning rate   5.120000e-04  train error:    0.01350 test error:    0.01344 
Epoch= 1380 learning rate   5.120000e-04  train error:    0.01344 test error:    0.01344 
Epoch= 1390 learning rate   5.120000e-04  train error:    0.01345 test error:    0.01342 
2024-09-26-23_09_05 
terminated normal
